<?xml version="1.0" encoding="UTF-8"?>
<!-- Generated by org.testng.reporters.JUnitReportReporter -->
<testsuite hostname="venkatesh" failures="0" tests="3" name="prjectdemopackage.Customer_cls2" time="39.623" errors="0" timestamp="2024-01-25T10:11:00 IST" skipped="0">
  <testcase classname="prjectdemopackage.Customer_cls2" name="browser" time="11.707"/>
  <system-out/>
  <testcase classname="prjectdemopackage.Customer_cls2" name="browser" time="16.651"/>
  <system-out/>
  <testcase classname="prjectdemopackage.Customer_cls2" name="browser" time="11.265"/>
  <system-out/>
</testsuite> <!-- prjectdemopackage.Customer_cls2 -->
