<?xml version="1.0" encoding="UTF-8"?>
<!-- Generated by org.testng.reporters.JUnitReportReporter -->
<testsuite hostname="venkatesh" failures="0" tests="1" name="prjectdemopackage.TestBase" time="9.035" errors="0" timestamp="2024-01-18T14:10:55 IST" skipped="0">
  <testcase classname="prjectdemopackage.TestBase" name="f" time="9.035"/>
  <system-out/>
</testsuite> <!-- prjectdemopackage.TestBase -->
