<?xml version="1.0" encoding="UTF-8"?>
<!-- Generated by org.testng.reporters.JUnitReportReporter -->
<testsuite hostname="venkatesh" failures="0" tests="1" name="prjectdemopackage.Account_clas" time="16.333" errors="0" timestamp="2024-01-18T15:20:47 IST" skipped="0">
  <testcase classname="prjectdemopackage.Account_clas" name="editAccount_validId" time="16.333"/>
  <system-out/>
</testsuite> <!-- prjectdemopackage.Account_clas -->
