<?xml version="1.0" encoding="UTF-8"?>
<!-- Generated by org.testng.reporters.JUnitReportReporter -->
<testsuite hostname="venkatesh" failures="0" tests="1" name="prjectdemopackage.Login_cls" time="14.287" errors="0" timestamp="2024-01-17T09:56:20 IST" skipped="0">
  <testcase classname="prjectdemopackage.Login_cls" name="login_correct_Id_Password" time="14.287"/>
  <system-out/>
</testsuite> <!-- prjectdemopackage.Login_cls -->
